2016-05-16 14:24:34,377 ERROR [main] SingleMeetingChrome:139 - Meeting not scheduled
 2016-05-16 14:27:05,432 ERROR [main] SingleMeetingChrome:139 - Meeting not scheduled
 2016-05-16 14:30:43,409  INFO [main] SingleMeetingChrome:135 - Meeting scheduled successfully
 2016-05-17 10:12:21,356 ERROR [main] SingleMeetingChrome:140 - Meeting not scheduled
 2016-05-17 10:13:25,436 ERROR [main] SingleMeetingChrome:140 - Meeting not scheduled
 2016-05-17 10:14:19,842 ERROR [main] SingleMeetingChrome:140 - Meeting not scheduled
 2016-05-17 10:15:41,501 ERROR [main] SingleMeetingChrome:140 - Meeting not scheduled
 2016-05-17 10:19:34,316 ERROR [main] SingleMeetingChrome:116 - Meeting not scheduled
 2016-05-17 12:09:36,632 ERROR [main] SingleMeetingChrome:116 - Meeting not scheduled
 2016-05-17 12:16:30,864 ERROR [main] SingleMeetingChrome:116 - Meeting not scheduled
 2016-05-17 13:52:10,356 ERROR [main] SingleMeetingChrome:116 - Meeting not scheduled
 2016-05-17 13:53:59,600 ERROR [main] SingleMeetingChrome:116 - Meeting not scheduled
 2016-05-17 16:20:37,528 ERROR [main] SingleMeetingChrome:116 - Meeting not scheduled
 2016-05-17 16:21:55,685  INFO [main] SingleMeetingChrome:112 - Meeting scheduled successfully
 2016-05-17 16:25:25,295  INFO [main] SingleMeetingChrome:126 - Meeting scheduled successfully
 2016-05-17 16:25:31,857  INFO [main] SingleMeetingChrome:164 - Meeting edited successfully
 2016-05-17 16:25:32,878 ERROR [main] SingleMeetingChrome:199 - Meeting not deleted
 2016-05-17 16:28:50,172  INFO [main] SingleMeetingChrome:140 - Meeting scheduled successfully
 2016-05-17 16:29:21,208 ERROR [main] SingleMeetingChrome:182 - Meeting not edited
 2016-05-17 16:31:33,835  INFO [main] SingleMeetingChrome:138 - Meeting scheduled successfully
 2016-05-17 16:32:04,885 ERROR [main] SingleMeetingChrome:180 - Meeting not edited
 2016-05-17 16:33:17,458  INFO [main] SingleMeetingChrome:138 - Meeting scheduled successfully
 2016-05-17 16:33:19,655 ERROR [main] SingleMeetingChrome:180 - Meeting not edited
 2016-05-17 16:35:02,803  INFO [main] SingleMeetingChrome:138 - Meeting scheduled successfully
 2016-05-17 16:35:16,638  INFO [main] SingleMeetingChrome:176 - Meeting edited successfully
 2016-05-17 16:35:17,659 ERROR [main] SingleMeetingChrome:211 - Meeting not deleted
 2016-05-17 16:59:39,535  INFO [main] SingleMeetingChrome:138 - Meeting scheduled successfully
 2016-05-17 16:59:41,713 ERROR [main] SingleMeetingChrome:180 - Meeting not edited
 2016-05-17 17:01:39,936  INFO [main] SingleMeetingChrome:138 - Meeting scheduled successfully
 2016-05-17 17:02:10,997 ERROR [main] SingleMeetingChrome:180 - Meeting not edited
 2016-05-17 17:03:14,899  INFO [main] SingleMeetingChrome:138 - Meeting scheduled successfully
 2016-05-17 17:03:45,975 ERROR [main] SingleMeetingChrome:180 - Meeting not edited
 2016-05-17 17:04:33,336  INFO [main] SingleMeetingChrome:138 - Meeting scheduled successfully
 2016-05-17 17:04:40,933  INFO [main] SingleMeetingChrome:176 - Meeting edited successfully
 2016-05-17 17:04:41,950 ERROR [main] SingleMeetingChrome:211 - Meeting not deleted
 2016-05-17 17:06:20,165  INFO [main] SingleMeetingChrome:138 - Meeting scheduled successfully
 2016-05-17 17:06:29,952 ERROR [main] SingleMeetingChrome:180 - Meeting not edited
 2016-05-17 17:07:04,243  INFO [main] SingleMeetingChrome:138 - Meeting scheduled successfully
 2016-05-17 17:07:11,796  INFO [main] SingleMeetingChrome:176 - Meeting edited successfully
 2016-05-17 17:07:15,190  INFO [main] SingleMeetingChrome:205 - Meeting deleted successfully
 2016-05-17 17:12:19,110  INFO [main] RecMeetingChrome:150 - Meeting scheduled successfully
 2016-05-17 17:12:27,827  INFO [main] RecMeetingChrome:194 - Meeting edited successfully
 2016-05-17 17:12:28,847 ERROR [main] RecMeetingChrome:230 - Meeting not deleted
 2016-05-17 17:13:53,373  INFO [main] RecMeetingChrome:150 - Meeting scheduled successfully
 2016-05-17 17:14:02,011  INFO [main] RecMeetingChrome:194 - Meeting edited successfully
 2016-05-17 17:14:07,364  INFO [main] RecMeetingChrome:223 - Meeting deleted successfully
 2016-05-17 17:36:52,625  INFO [main] SingleMeetingChrome:147 - Meeting scheduled successfully
 2016-05-17 17:37:06,164  INFO [main] SingleMeetingChrome:208 - Meeting edited successfully
 2016-05-17 17:37:07,179 ERROR [main] SingleMeetingChrome:245 - Meeting not deleted
 2016-05-17 17:39:19,968  INFO [main] SingleMeetingChrome:147 - Meeting scheduled successfully
 2016-05-17 17:39:51,045 ERROR [main] SingleMeetingChrome:212 - Meeting not edited
 2016-05-18 10:17:25,912  INFO [main] SingleMeetingChrome:147 - Meeting scheduled successfully
 2016-05-18 10:17:42,047  INFO [main] SingleMeetingChrome:208 - Meeting edited successfully
 2016-05-18 10:17:44,455  INFO [main] SingleMeetingChrome:238 - Meeting deleted successfully
 2016-05-18 14:21:20,183  INFO [main] SingleMeetingChrome:138 - Meeting scheduled successfully
 2016-05-18 14:21:27,822  INFO [main] SingleMeetingChrome:176 - Meeting edited successfully
 2016-05-18 14:21:31,209  INFO [main] SingleMeetingChrome:205 - Meeting deleted successfully
 2016-05-18 14:22:11,949  INFO [main] RecMeetingChrome:150 - Meeting scheduled successfully
 2016-05-18 14:22:20,639  INFO [main] RecMeetingChrome:194 - Meeting edited successfully
 2016-05-18 14:22:26,028  INFO [main] RecMeetingChrome:223 - Meeting deleted successfully
 2016-05-18 14:22:58,738  INFO [main] SingleMeetingChrome:147 - Meeting scheduled successfully
 2016-05-18 14:23:14,873  INFO [main] SingleMeetingChrome:208 - Meeting edited successfully
 2016-05-18 14:23:17,279  INFO [main] SingleMeetingChrome:238 - Meeting deleted successfully
 2016-05-18 18:15:48,950  INFO [main] SingleMeetingChrome:138 - Meeting scheduled successfully
 2016-05-18 18:15:56,529  INFO [main] SingleMeetingChrome:176 - Meeting edited successfully
 2016-05-18 18:15:59,969  INFO [main] SingleMeetingChrome:205 - Meeting deleted successfully
 2016-05-18 18:16:41,258  INFO [main] RecMeetingChrome:150 - Meeting scheduled successfully
 2016-05-18 18:16:50,001  INFO [main] RecMeetingChrome:194 - Meeting edited successfully
 2016-05-18 18:16:55,402  INFO [main] RecMeetingChrome:223 - Meeting deleted successfully
 2016-05-18 18:17:27,873  INFO [main] SingleMeetingChrome:147 - Meeting scheduled successfully
 2016-05-18 18:17:43,196  INFO [main] SingleMeetingChrome:208 - Meeting edited successfully
 2016-05-18 18:17:45,592  INFO [main] SingleMeetingChrome:238 - Meeting deleted successfully
 2016-05-18 18:18:28,850  INFO [main] WebexRecChrome:156 - Created Rec webex Meeting
 2016-05-18 18:18:40,783  INFO [main] WebexRecChrome:217 - Edited Rec webex Meeting
 2016-05-18 18:18:41,828 ERROR [main] WebexRecChrome:253 - Meeting not deleted
 